<?xml version="1.0" encoding="UTF-8"?>
<!-- Generated by org.testng.reporters.JUnitXMLReporter -->
<testsuite hostname="DESKTOP-BAVMQ1I" ignored="0" name="Test" tests="4" failures="0" timestamp="2019-12-17T23:04:16 IST" time="97.8" errors="0">
  <testcase name="basePagenavigation" time="0.326" classname="com.someoneCompany.ValidateTitle"/>
  <testcase name="basePagenavigation" time="0.462" classname="com.someoneCompany.ValidateNavigation"/>
  <testcase name="basePagenavigation" time="35.918" classname="com.someoneCompany.Homepage"/>
  <testcase name="basePagenavigation" time="14.283" classname="com.someoneCompany.Homepage"/>
</testsuite> <!-- Test -->
