<?xml version="1.0" encoding="UTF-8"?>
<!-- Generated by org.testng.reporters.JUnitXMLReporter -->
<testsuite hostname="DESKTOP-BAVMQ1I" ignored="0" name="Test" tests="4" failures="0" timestamp="2019-12-17T23:06:49 IST" time="97.372" errors="0">
  <testcase name="basePagenavigation" time="0.445" classname="com.someoneCompany.ValidateTitle"/>
  <testcase name="basePagenavigation" time="0.99" classname="com.someoneCompany.ValidateNavigation"/>
  <testcase name="basePagenavigation" time="33.281" classname="com.someoneCompany.Homepage"/>
  <testcase name="basePagenavigation" time="15.567" classname="com.someoneCompany.Homepage"/>
</testsuite> <!-- Test -->
